<?xml version="1.0" encoding="UTF-8"?>
<testng-results skipped="0" failed="0" ignored="0" total="1" passed="1">
  <reporter-output>
  </reporter-output>
  <suite name="Default suite" duration-ms="2315" started-at="2018-05-22T12:07:21Z" finished-at="2018-05-22T12:07:23Z">
    <groups>
    </groups>
    <test name="Default test" duration-ms="2315" started-at="2018-05-22T12:07:21Z" finished-at="2018-05-22T12:07:23Z">
      <class name="com.hrm.PFM.LogTest1">
        <test-method status="PASS" signature="checkLogs()[pri:0, instance:com.hrm.PFM.LogTest1@14bf9759]" name="checkLogs" duration-ms="2293" started-at="2018-05-22T17:37:21Z" finished-at="2018-05-22T17:37:23Z">
          <reporter-output>
          </reporter-output>
        </test-method> <!-- checkLogs -->
      </class> <!-- com.hrm.PFM.LogTest1 -->
    </test> <!-- Default test -->
  </suite> <!-- Default suite -->
</testng-results>
