<?xml version="1.0" encoding="UTF-8"?>
<testng-results skipped="0" failed="1" ignored="0" total="2" passed="1">
  <reporter-output>
  </reporter-output>
  <suite name="Default suite" duration-ms="71294" started-at="2018-05-28T12:37:44Z" finished-at="2018-05-28T12:38:56Z">
    <groups>
    </groups>
    <test name="Default test" duration-ms="71294" started-at="2018-05-28T12:37:44Z" finished-at="2018-05-28T12:38:56Z">
      <class name="com.hrm.Tests.JobTests.JobTitleCreation">
        <test-method status="PASS" signature="beforeSuite()[pri:0, instance:com.hrm.Tests.JobTests.JobTitleCreation@a307a8c]" name="beforeSuite" is-config="true" duration-ms="8" started-at="2018-05-28T18:07:44Z" finished-at="2018-05-28T18:07:44Z">
          <reporter-output>
          </reporter-output>
        </test-method> <!-- beforeSuite -->
        <test-method status="PASS" signature="beforeTest()[pri:0, instance:com.hrm.Tests.JobTests.JobTitleCreation@a307a8c]" name="beforeTest" is-config="true" duration-ms="5079" started-at="2018-05-28T18:07:44Z" finished-at="2018-05-28T18:07:49Z">
          <reporter-output>
          </reporter-output>
        </test-method> <!-- beforeTest -->
        <test-method status="PASS" signature="beforeMethod()[pri:0, instance:com.hrm.Tests.JobTests.JobTitleCreation@a307a8c]" name="beforeMethod" is-config="true" duration-ms="1" started-at="2018-05-28T18:07:49Z" finished-at="2018-05-28T18:07:49Z">
          <reporter-output>
          </reporter-output>
        </test-method> <!-- beforeMethod -->
        <test-method status="PASS" signature="login()[pri:1, instance:com.hrm.Tests.JobTests.JobTitleCreation@a307a8c]" name="login" duration-ms="5762" started-at="2018-05-28T18:07:49Z" finished-at="2018-05-28T18:07:55Z">
          <reporter-output>
          </reporter-output>
        </test-method> <!-- login -->
        <test-method status="PASS" signature="afterMethod(org.testng.ITestResult)[pri:0, instance:com.hrm.Tests.JobTests.JobTitleCreation@a307a8c]" name="afterMethod" is-config="true" duration-ms="1" started-at="2018-05-28T18:07:55Z" finished-at="2018-05-28T18:07:55Z">
          <params>
            <param index="0">
              <value>
                <![CDATA[[TestResult name=login status=SUCCESS method=JobTitleCreation.login()[pri:1, instance:com.hrm.Tests.JobTests.JobTitleCreation@a307a8c] output={null}]]]>
              </value>
            </param>
          </params>
          <reporter-output>
          </reporter-output>
        </test-method> <!-- afterMethod -->
        <test-method status="FAIL" signature="createJobTitle()[pri:2, instance:com.hrm.Tests.JobTests.JobTitleCreation@a307a8c]" name="createJobTitle" duration-ms="50363" started-at="2018-05-28T18:07:55Z" finished-at="2018-05-28T18:08:46Z">
          <exception class="java.lang.NullPointerException">
            <full-stacktrace>
              <![CDATA[java.lang.NullPointerException
	at org.openqa.selenium.support.pagefactory.DefaultElementLocator.findElement(DefaultElementLocator.java:69)
	at org.openqa.selenium.support.pagefactory.internal.LocatingElementHandler.invoke(LocatingElementHandler.java:38)
	at com.sun.proxy.$Proxy13.click(Unknown Source)
	at com.hrm.PFM.CommonTab.MainTab.openAdminTab(MainTab.java:62)
	at com.hrm.Tests.JobTests.JobTitleCreation.createJobTitle(JobTitleCreation.java:33)
	at sun.reflect.NativeMethodAccessorImpl.invoke0(Native Method)
	at sun.reflect.NativeMethodAccessorImpl.invoke(Unknown Source)
	at sun.reflect.DelegatingMethodAccessorImpl.invoke(Unknown Source)
	at java.lang.reflect.Method.invoke(Unknown Source)
	at org.testng.internal.MethodInvocationHelper.invokeMethod(MethodInvocationHelper.java:108)
	at org.testng.internal.Invoker.invokeMethod(Invoker.java:661)
	at org.testng.internal.Invoker.invokeTestMethod(Invoker.java:869)
	at org.testng.internal.Invoker.invokeTestMethods(Invoker.java:1193)
	at org.testng.internal.TestMethodWorker.invokeTestMethods(TestMethodWorker.java:126)
	at org.testng.internal.TestMethodWorker.run(TestMethodWorker.java:109)
	at org.testng.TestRunner.privateRun(TestRunner.java:744)
	at org.testng.TestRunner.run(TestRunner.java:602)
	at org.testng.SuiteRunner.runTest(SuiteRunner.java:380)
	at org.testng.SuiteRunner.runSequentially(SuiteRunner.java:375)
	at org.testng.SuiteRunner.privateRun(SuiteRunner.java:340)
	at org.testng.SuiteRunner.run(SuiteRunner.java:289)
	at org.testng.SuiteRunnerWorker.runSuite(SuiteRunnerWorker.java:52)
	at org.testng.SuiteRunnerWorker.run(SuiteRunnerWorker.java:86)
	at org.testng.TestNG.runSuitesSequentially(TestNG.java:1301)
	at org.testng.TestNG.runSuitesLocally(TestNG.java:1226)
	at org.testng.TestNG.runSuites(TestNG.java:1144)
	at org.testng.TestNG.run(TestNG.java:1115)
	at org.testng.remote.AbstractRemoteTestNG.run(AbstractRemoteTestNG.java:114)
	at org.testng.remote.RemoteTestNG.initAndRun(RemoteTestNG.java:251)
	at org.testng.remote.RemoteTestNG.main(RemoteTestNG.java:77)
]]>
            </full-stacktrace>
          </exception> <!-- java.lang.NullPointerException -->
          <reporter-output>
          </reporter-output>
        </test-method> <!-- createJobTitle -->
        <test-method status="PASS" signature="beforeMethod()[pri:0, instance:com.hrm.Tests.JobTests.JobTitleCreation@a307a8c]" name="beforeMethod" is-config="true" duration-ms="0" started-at="2018-05-28T18:07:55Z" finished-at="2018-05-28T18:07:55Z">
          <reporter-output>
          </reporter-output>
        </test-method> <!-- beforeMethod -->
        <test-method status="PASS" signature="afterMethod(org.testng.ITestResult)[pri:0, instance:com.hrm.Tests.JobTests.JobTitleCreation@a307a8c]" name="afterMethod" is-config="true" duration-ms="3594" started-at="2018-05-28T18:08:46Z" finished-at="2018-05-28T18:08:49Z">
          <params>
            <param index="0">
              <value>
                <![CDATA[[TestResult name=createJobTitle status=FAILURE method=JobTitleCreation.createJobTitle()[pri:2, instance:com.hrm.Tests.JobTests.JobTitleCreation@a307a8c] output={null}]]]>
              </value>
            </param>
          </params>
          <reporter-output>
          </reporter-output>
        </test-method> <!-- afterMethod -->
        <test-method status="PASS" signature="afterTest()[pri:0, instance:com.hrm.Tests.JobTests.JobTitleCreation@a307a8c]" name="afterTest" is-config="true" duration-ms="12" started-at="2018-05-28T18:08:56Z" finished-at="2018-05-28T18:08:56Z">
          <reporter-output>
          </reporter-output>
        </test-method> <!-- afterTest -->
        <test-method status="PASS" signature="afterSuite()[pri:0, instance:com.hrm.Tests.JobTests.JobTitleCreation@a307a8c]" name="afterSuite" is-config="true" duration-ms="2395" started-at="2018-05-28T18:08:58Z" finished-at="2018-05-28T18:09:00Z">
          <reporter-output>
          </reporter-output>
        </test-method> <!-- afterSuite -->
      </class> <!-- com.hrm.Tests.JobTests.JobTitleCreation -->
    </test> <!-- Default test -->
  </suite> <!-- Default suite -->
</testng-results>
